0 info it worked if it ends with ok
1 verbose cli [ '/home/hyf/.nvm/versions/node/v6.14.4/bin/node',
1 verbose cli   '/home/hyf/.nvm/versions/node/v6.14.4/bin/npm',
1 verbose cli   'start' ]
2 info using npm@3.10.10
3 info using node@v6.14.4
4 verbose run-script [ 'prestart', 'start', 'poststart' ]
5 info lifecycle final-project-starter@1.0.0~prestart: final-project-starter@1.0.0
6 silly lifecycle final-project-starter@1.0.0~prestart: no script for prestart, continuing
7 info lifecycle final-project-starter@1.0.0~start: final-project-starter@1.0.0
8 verbose lifecycle final-project-starter@1.0.0~start: unsafe-perm in lifecycle true
9 verbose lifecycle final-project-starter@1.0.0~start: PATH: /home/hyf/.nvm/versions/node/v6.14.4/lib/node_modules/npm/bin/node-gyp-bin:/home/hyf/Documents/hack-my-future/Final-Project/hand-and-paw/node_modules/.bin:/home/hyf/.nvm/versions/node/v6.14.4/bin:/usr/local/sbin:/usr/local/bin:/usr/sbin:/usr/bin:/sbin:/bin:/usr/games:/usr/local/games:/snap/bin
10 verbose lifecycle final-project-starter@1.0.0~start: CWD: /home/hyf/Documents/hack-my-future/Final-Project/hand-and-paw
11 silly lifecycle final-project-starter@1.0.0~start: Args: [ '-c',
11 silly lifecycle   'NODE_ENV=production PORT=3000 STATIC_DIR=client DATA_DIR=data DB_PATH=mongodb://localhost/handAndPaw node ./api/index.js' ]
12 silly lifecycle final-project-starter@1.0.0~start: Returned: code: 1  signal: null
13 info lifecycle final-project-starter@1.0.0~start: Failed to exec start script
14 verbose stack Error: final-project-starter@1.0.0 start: `NODE_ENV=production PORT=3000 STATIC_DIR=client DATA_DIR=data DB_PATH=mongodb://localhost/handAndPaw node ./api/index.js`
14 verbose stack Exit status 1
14 verbose stack     at EventEmitter.<anonymous> (/home/hyf/.nvm/versions/node/v6.14.4/lib/node_modules/npm/lib/utils/lifecycle.js:255:16)
14 verbose stack     at emitTwo (events.js:106:13)
14 verbose stack     at EventEmitter.emit (events.js:191:7)
14 verbose stack     at ChildProcess.<anonymous> (/home/hyf/.nvm/versions/node/v6.14.4/lib/node_modules/npm/lib/utils/spawn.js:40:14)
14 verbose stack     at emitTwo (events.js:106:13)
14 verbose stack     at ChildProcess.emit (events.js:191:7)
14 verbose stack     at maybeClose (internal/child_process.js:920:16)
14 verbose stack     at Process.ChildProcess._handle.onexit (internal/child_process.js:230:5)
15 verbose pkgid final-project-starter@1.0.0
16 verbose cwd /home/hyf/Documents/hack-my-future/Final-Project/hand-and-paw
17 error Linux 4.15.0-154-generic
18 error argv "/home/hyf/.nvm/versions/node/v6.14.4/bin/node" "/home/hyf/.nvm/versions/node/v6.14.4/bin/npm" "start"
19 error node v6.14.4
20 error npm  v3.10.10
21 error code ELIFECYCLE
22 error final-project-starter@1.0.0 start: `NODE_ENV=production PORT=3000 STATIC_DIR=client DATA_DIR=data DB_PATH=mongodb://localhost/handAndPaw node ./api/index.js`
22 error Exit status 1
23 error Failed at the final-project-starter@1.0.0 start script 'NODE_ENV=production PORT=3000 STATIC_DIR=client DATA_DIR=data DB_PATH=mongodb://localhost/handAndPaw node ./api/index.js'.
23 error Make sure you have the latest version of node.js and npm installed.
23 error If you do, this is most likely a problem with the final-project-starter package,
23 error not with npm itself.
23 error Tell the author that this fails on your system:
23 error     NODE_ENV=production PORT=3000 STATIC_DIR=client DATA_DIR=data DB_PATH=mongodb://localhost/handAndPaw node ./api/index.js
23 error You can get information on how to open an issue for this project with:
23 error     npm bugs final-project-starter
23 error Or if that isn't available, you can get their info via:
23 error     npm owner ls final-project-starter
23 error There is likely additional logging output above.
24 verbose exit [ 1, true ]
